2014-10-30T13:40:45+00:00 NOTICE (5): erreur
2014-10-30T13:41:22+00:00 NOTICE (5): erreur
2014-10-30T13:47:02+00:00 NOTICE (5): erreur
2014-10-30T13:47:12+00:00 NOTICE (5): erreur
2014-10-30T14:18:41+00:00 NOTICE (5): erreur
2014-10-30T14:19:19+00:00 NOTICE (5): erreur
2014-10-30T14:20:47+00:00 NOTICE (5): erreur
2014-10-30T14:23:34+00:00 NOTICE (5): erreur
2014-10-30T14:24:07+00:00 NOTICE (5): erreur
2014-10-30T14:24:09+00:00 NOTICE (5): erreur
2014-10-30T14:24:21+00:00 NOTICE (5): erreur
2014-10-30T14:24:22+00:00 NOTICE (5): erreur
2014-10-30T14:24:23+00:00 NOTICE (5): erreur
2014-10-30T14:24:40+00:00 NOTICE (5): erreur
2014-10-30T14:25:21+00:00 NOTICE (5): erreur
2014-10-30T14:26:06+00:00 NOTICE (5): erreur
2014-10-30T14:27:47+00:00 NOTICE (5): erreur
2014-10-30T14:27:48+00:00 NOTICE (5): erreur
2014-10-30T14:28:53+00:00 NOTICE (5): erreur
2014-10-30T15:45:02+00:00 NOTICE (5): erreur
2014-10-30T15:45:13+00:00 NOTICE (5): erreur
2014-10-30T15:46:15+00:00 NOTICE (5): Page not found
2014-10-30T15:46:15+00:00 NOTICE (5): Request Parameters
2014-10-30T16:04:01+00:00 NOTICE (5): Page not found
2014-10-30T16:04:01+00:00 NOTICE (5): Request Parameters
2014-10-31T10:29:12+00:00 CRIT (2): Application error
2014-10-31T10:29:12+00:00 CRIT (2): Request Parameters
2014-10-31T10:30:08+00:00 CRIT (2): Application error
2014-10-31T10:30:08+00:00 CRIT (2): Request Parameters
2014-10-31T10:31:05+00:00 CRIT (2): Application error
2014-10-31T10:31:05+00:00 CRIT (2): Request Parameters
2014-10-31T10:33:39+00:00 CRIT (2): Application error
2014-10-31T10:33:39+00:00 CRIT (2): Request Parameters
2014-10-31T10:34:54+00:00 CRIT (2): Application error
2014-10-31T10:34:54+00:00 CRIT (2): Request Parameters
2014-10-31T13:43:08+00:00 CRIT (2): Application error
2014-10-31T13:43:08+00:00 CRIT (2): Request Parameters
2014-10-31T13:43:34+00:00 CRIT (2): Application error
2014-10-31T13:43:34+00:00 CRIT (2): Request Parameters
2014-10-31T13:46:54+00:00 CRIT (2): Application error
2014-10-31T13:46:54+00:00 CRIT (2): Request Parameters
2014-10-31T13:48:20+00:00 CRIT (2): Application error
2014-10-31T13:48:20+00:00 CRIT (2): Request Parameters
